Determining if the pthread_create exist failed with the following output:
Change Dir: /home/jsupratman13/github/workspace/ros/joy_stick/build/CMakeFiles/CMakeTmp

Run Build Command:/usr/bin/make "cmTryCompileExec3126107121/fast"
/usr/bin/make -f CMakeFiles/cmTryCompileExec3126107121.dir/build.make CMakeFiles/cmTryCompileExec3126107121.dir/build
make[1]: Entering directory `/home/jsupratman13/github/workspace/ros/joy_stick/build/CMakeFiles/CMakeTmp'
/usr/bin/cmake -E cmake_progress_report /home/jsupratman13/github/workspace/ros/joy_stick/build/CMakeFiles/CMakeTmp/CMakeFiles 1
Building C object CMakeFiles/cmTryCompileExec3126107121.dir/CheckSymbolExists.c.o
/usr/bin/cc    -o CMakeFiles/cmTryCompileExec3126107121.dir/CheckSymbolExists.c.o   -c /home/jsupratman13/github/workspace/ros/joy_stick/build/CMakeFiles/CMakeTmp/CheckSymbolExists.c
Linking C executable cmTryCompileExec3126107121
/usr/bin/cmake -E cmake_link_script CMakeFiles/cmTryCompileExec3126107121.dir/link.txt --verbose=1
/usr/bin/cc       CMakeFiles/cmTryCompileExec3126107121.dir/CheckSymbolExists.c.o  -o cmTryCompileExec3126107121 -rdynamic 
CMakeFiles/cmTryCompileExec3126107121.dir/CheckSymbolExists.c.o: In function `main':
CheckSymbolExists.c:(.text+0x16): undefined reference to `pthread_create'
collect2: error: ld returned 1 exit status
make[1]: *** [cmTryCompileExec3126107121] Error 1
make[1]: Leaving directory `/home/jsupratman13/github/workspace/ros/joy_stick/build/CMakeFiles/CMakeTmp'
make: *** [cmTryCompileExec3126107121/fast] Error 2

File /home/jsupratman13/github/workspace/ros/joy_stick/build/CMakeFiles/CMakeTmp/CheckSymbolExists.c:
/* */
#include <pthread.h>

int main(int argc, char** argv)
{
  (void)argv;
#ifndef pthread_create
  return ((int*)(&pthread_create))[argc];
#else
  (void)argc;
  return 0;
#endif
}

Determining if the function pthread_create exists in the pthreads failed with the following output:
Change Dir: /home/jsupratman13/github/workspace/ros/joy_stick/build/CMakeFiles/CMakeTmp

Run Build Command:/usr/bin/make "cmTryCompileExec2101645897/fast"
/usr/bin/make -f CMakeFiles/cmTryCompileExec2101645897.dir/build.make CMakeFiles/cmTryCompileExec2101645897.dir/build
make[1]: Entering directory `/home/jsupratman13/github/workspace/ros/joy_stick/build/CMakeFiles/CMakeTmp'
/usr/bin/cmake -E cmake_progress_report /home/jsupratman13/github/workspace/ros/joy_stick/build/CMakeFiles/CMakeTmp/CMakeFiles 1
Building C object CMakeFiles/cmTryCompileExec2101645897.dir/CheckFunctionExists.c.o
/usr/bin/cc   -DCHECK_FUNCTION_EXISTS=pthread_create   -o CMakeFiles/cmTryCompileExec2101645897.dir/CheckFunctionExists.c.o   -c /usr/share/cmake-2.8/Modules/CheckFunctionExists.c
Linking C executable cmTryCompileExec2101645897
/usr/bin/cmake -E cmake_link_script CMakeFiles/cmTryCompileExec2101645897.dir/link.txt --verbose=1
/usr/bin/cc   -DCHECK_FUNCTION_EXISTS=pthread_create    CMakeFiles/cmTryCompileExec2101645897.dir/CheckFunctionExists.c.o  -o cmTryCompileExec2101645897 -rdynamic -lpthreads 
/usr/bin/ld: cannot find -lpthreads
collect2: error: ld returned 1 exit status
make[1]: *** [cmTryCompileExec2101645897] Error 1
make[1]: Leaving directory `/home/jsupratman13/github/workspace/ros/joy_stick/build/CMakeFiles/CMakeTmp'
make: *** [cmTryCompileExec2101645897/fast] Error 2


